  main.cpp
d:\users\ruben\source\repos\room\cores.h(5): warning C4305: 'inicializando': truncamento de 'double' para 'float'
d:\users\ruben\source\repos\room\cores.h(7): warning C4305: 'inicializando': truncamento de 'double' para 'float'
d:\users\ruben\source\repos\room\cores.h(10): warning C4305: 'inicializando': truncamento de 'double' para 'float'
d:\users\ruben\source\repos\room\cores.h(12): warning C4305: 'inicializando': truncamento de 'double' para 'float'
d:\users\ruben\source\repos\room\cores.h(13): warning C4305: 'inicializando': truncamento de 'double' para 'float'
d:\users\ruben\source\repos\room\cores.h(14): warning C4305: 'inicializando': truncamento de 'double' para 'float'
d:\users\ruben\source\repos\room\cores.h(15): warning C4305: 'inicializando': truncamento de 'double' para 'float'
d:\users\ruben\source\repos\room\primitivas.h(106): warning C4305: 'inicializando': truncamento de 'double' para 'GLfloat'
d:\users\ruben\source\repos\room\primitivas.h(112): warning C4244: 'inicializando': conversão de 'double' para 'GLfloat', possível perda de dados
d:\users\ruben\source\repos\room\camera.h(15): warning C4305: 'inicializando': truncamento de 'double' para 'float'
d:\users\ruben\source\repos\room\main.cpp(56): warning C4244: '=': conversão de 'double' para 'float', possível perda de dados
d:\users\ruben\source\repos\room\main.cpp(59): warning C4244: '=': conversão de 'double' para 'float', possível perda de dados
d:\users\ruben\source\repos\room\main.cpp(60): warning C4244: '=': conversão de 'double' para 'float', possível perda de dados
d:\users\ruben\source\repos\room\main.cpp(190): warning C4305: 'argumento': truncamento de 'double' para 'float'
d:\users\ruben\source\repos\room\main.cpp(201): warning C4305: 'argumento': truncamento de 'double' para 'float'
d:\users\ruben\source\repos\room\main.cpp(217): warning C4305: 'argumento': truncamento de 'double' para 'float'
d:\users\ruben\source\repos\room\main.cpp(221): warning C4305: 'argumento': truncamento de 'double' para 'float'
d:\users\ruben\source\repos\room\main.cpp(222): warning C4305: 'argumento': truncamento de 'double' para 'float'
d:\users\ruben\source\repos\room\main.cpp(223): warning C4305: 'argumento': truncamento de 'double' para 'float'
d:\users\ruben\source\repos\room\main.cpp(224): warning C4305: 'argumento': truncamento de 'double' para 'float'
d:\users\ruben\source\repos\room\main.cpp(225): warning C4305: 'argumento': truncamento de 'double' para 'float'
d:\users\ruben\source\repos\room\main.cpp(226): warning C4305: 'argumento': truncamento de 'double' para 'float'
d:\users\ruben\source\repos\room\main.cpp(231): warning C4305: 'argumento': truncamento de 'double' para 'float'
d:\users\ruben\source\repos\room\main.cpp(232): warning C4305: 'argumento': truncamento de 'double' para 'float'
d:\users\ruben\source\repos\room\main.cpp(234): warning C4305: 'argumento': truncamento de 'double' para 'float'
d:\users\ruben\source\repos\room\main.cpp(235): warning C4305: 'argumento': truncamento de 'double' para 'float'
d:\users\ruben\source\repos\room\main.cpp(236): warning C4305: 'argumento': truncamento de 'double' para 'float'
d:\users\ruben\source\repos\room\main.cpp(237): warning C4305: 'argumento': truncamento de 'double' para 'float'
d:\users\ruben\source\repos\room\main.cpp(238): warning C4305: 'argumento': truncamento de 'double' para 'float'
d:\users\ruben\source\repos\room\main.cpp(239): warning C4305: 'argumento': truncamento de 'double' para 'float'
d:\users\ruben\source\repos\room\main.cpp(240): warning C4305: 'argumento': truncamento de 'double' para 'float'
d:\users\ruben\source\repos\room\main.cpp(243): warning C4305: 'argumento': truncamento de 'double' para 'float'
d:\users\ruben\source\repos\room\main.cpp(244): warning C4305: 'argumento': truncamento de 'double' para 'float'
d:\users\ruben\source\repos\room\main.cpp(245): warning C4305: 'argumento': truncamento de 'double' para 'float'
d:\users\ruben\source\repos\room\main.cpp(246): warning C4305: 'argumento': truncamento de 'double' para 'float'
d:\users\ruben\source\repos\room\main.cpp(247): warning C4305: 'argumento': truncamento de 'double' para 'float'
d:\users\ruben\source\repos\room\main.cpp(248): warning C4305: 'argumento': truncamento de 'double' para 'float'
d:\users\ruben\source\repos\room\main.cpp(250): warning C4305: 'argumento': truncamento de 'double' para 'float'
d:\users\ruben\source\repos\room\main.cpp(251): warning C4305: 'argumento': truncamento de 'double' para 'float'
d:\users\ruben\source\repos\room\main.cpp(252): warning C4305: 'argumento': truncamento de 'double' para 'float'
d:\users\ruben\source\repos\room\main.cpp(253): warning C4305: 'argumento': truncamento de 'double' para 'float'
d:\users\ruben\source\repos\room\main.cpp(254): warning C4305: 'argumento': truncamento de 'double' para 'float'
d:\users\ruben\source\repos\room\main.cpp(255): warning C4305: 'argumento': truncamento de 'double' para 'float'
d:\users\ruben\source\repos\room\main.cpp(256): warning C4305: 'argumento': truncamento de 'double' para 'float'
d:\users\ruben\source\repos\room\main.cpp(258): warning C4305: 'argumento': truncamento de 'double' para 'float'
d:\users\ruben\source\repos\room\main.cpp(259): warning C4305: 'argumento': truncamento de 'double' para 'float'
d:\users\ruben\source\repos\room\main.cpp(260): warning C4305: 'argumento': truncamento de 'double' para 'float'
d:\users\ruben\source\repos\room\main.cpp(261): warning C4305: 'argumento': truncamento de 'double' para 'float'
d:\users\ruben\source\repos\room\main.cpp(262): warning C4305: 'argumento': truncamento de 'double' para 'float'
d:\users\ruben\source\repos\room\main.cpp(263): warning C4305: 'argumento': truncamento de 'double' para 'float'
d:\users\ruben\source\repos\room\main.cpp(268): warning C4244: 'inicializando': conversão de 'double' para 'float', possível perda de dados
d:\users\ruben\source\repos\room\main.cpp(277): warning C4305: 'argumento': truncamento de 'double' para 'GLfloat'
d:\users\ruben\source\repos\room\main.cpp(305): warning C4305: 'argumento': truncamento de 'double' para 'GLfloat'
d:\users\ruben\source\repos\room\main.cpp(512): warning C4305: 'argumento': truncamento de 'double' para 'GLfloat'
d:\users\ruben\source\repos\room\main.cpp(520): warning C4305: 'argumento': truncamento de 'double' para 'GLfloat'
d:\users\ruben\source\repos\room\main.cpp(559): warning C4305: 'argumento': truncamento de 'double' para 'GLfloat'
d:\users\ruben\source\repos\room\main.cpp(566): warning C4305: 'argumento': truncamento de 'double' para 'GLfloat'
d:\users\ruben\source\repos\room\main.cpp(642): warning C4305: 'argumento': truncamento de 'double' para 'GLfloat'
d:\users\ruben\source\repos\room\main.cpp(648): warning C4305: 'argumento': truncamento de 'double' para 'GLfloat'
d:\users\ruben\source\repos\room\main.cpp(680): warning C4305: 'argumento': truncamento de 'double' para 'GLfloat'
d:\users\ruben\source\repos\room\main.cpp(687): warning C4305: 'argumento': truncamento de 'double' para 'GLfloat'
d:\users\ruben\source\repos\room\main.cpp(701): warning C4305: 'argumento': truncamento de 'double' para 'GLfloat'
d:\users\ruben\source\repos\room\main.cpp(735): warning C4305: 'argumento': truncamento de 'double' para 'GLfloat'
  Room.vcxproj -> D:\Users\ruben\source\repos\Room\Debug\Room.exe
